# JRE version: OpenJDK Runtime Environment (17.0.6) (build 17.0.6+0-b2043.56-10027231)
# Java VM: OpenJDK 64-Bit Server VM (17.0.6+0-b2043.56-10027231, mixed mode, tiered, compressed oops, compressed class ptrs, g1 gc, windows-amd64)
GC Precious Log:
 CPUs: 8 total, 8 available
 Memory: 16065M
 Large Page Support: Disabled
 NUMA Support: Disabled
 Compressed Oops: Enabled (32-bit)
 Heap Region Size: 1M
 Heap Min Capacity: 8M
 Heap Initial Capacity: 252M
 Heap Max Capacity: 2G
 Pre-touch: Disabled
 Parallel Workers: 8
 Concurrent Workers: 2
 Concurrent Refinement Workers: 8
 Periodic GC: Disabled
Heap:
 garbage-first heap   total 435200K, used 314272K [0x0000000080000000, 0x0000000100000000)
  region size 1024K, 79 young (80896K), 7 survivors (7168K)
 Metaspace       used 173225K, committed 174144K, reserved 1204224K
  class space    used 22407K, committed 22848K, reserved 1048576K
GC Heap History (20 events):
Event: 4813.233 GC heap before
{Heap before GC invocations=59 (full 0):
 garbage-first heap   total 348160K, used 292792K [0x0000000080000000, 0x0000000100000000)
  region size 1024K, 89 young (91136K), 2 survivors (2048K)
 Metaspace       used 116511K, committed 117568K, reserved 1155072K
  class space    used 15511K, committed 16000K, reserved 1048576K
}
Event: 4813.242 GC heap after
{Heap after GC invocations=60 (full 0):
 garbage-first heap   total 348160K, used 210053K [0x0000000080000000, 0x0000000100000000)
  region size 1024K, 8 young (8192K), 8 survivors (8192K)
 Metaspace       used 116511K, committed 117568K, reserved 1155072K
  class space    used 15511K, committed 16000K, reserved 1048576K
}
Event: 4814.038 GC heap before
{Heap before GC invocations=60 (full 0):
 garbage-first heap   total 348160K, used 292997K [0x0000000080000000, 0x0000000100000000)
  region size 1024K, 90 young (92160K), 8 survivors (8192K)
 Metaspace       used 118191K, committed 119296K, reserved 1155072K
  class space    used 15710K, committed 16256K, reserved 1048576K
}
Event: 4814.048 GC heap after
{Heap after GC invocations=61 (full 0):
 garbage-first heap   total 348160K, used 215794K [0x0000000080000000, 0x0000000100000000)
  region size 1024K, 11 young (11264K), 11 survivors (11264K)
 Metaspace       used 118191K, committed 119296K, reserved 1155072K
  class space    used 15710K, committed 16256K, reserved 1048576K
}
Event: 6684.170 GC heap before
{Heap before GC invocations=61 (full 0):
 garbage-first heap   total 348160K, used 293618K [0x0000000080000000, 0x0000000100000000)
  region size 1024K, 88 young (90112K), 11 survivors (11264K)
 Metaspace       used 119356K, committed 120448K, reserved 1155072K
  class space    used 15880K, committed 16384K, reserved 1048576K
}
Event: 6684.174 GC heap after
{Heap after GC invocations=62 (full 0):
 garbage-first heap   total 348160K, used 210331K [0x0000000080000000, 0x0000000100000000)
  region size 1024K, 4 young (4096K), 4 survivors (4096K)
 Metaspace       used 119356K, committed 120448K, reserved 1155072K
  class space    used 15880K, committed 16384K, reserved 1048576K
}
Event: 6685.213 GC heap before
{Heap before GC invocations=62 (full 0):
 garbage-first heap   total 348160K, used 290203K [0x0000000080000000, 0x0000000100000000)
  region size 1024K, 79 young (80896K), 4 survivors (4096K)
 Metaspace       used 131226K, committed 132352K, reserved 1163264K
  class space    used 17845K, committed 18368K, reserved 1048576K
}
Event: 6685.218 GC heap after
{Heap after GC invocations=63 (full 0):
 garbage-first heap   total 348160K, used 216438K [0x0000000080000000, 0x0000000100000000)
  region size 1024K, 6 young (6144K), 6 survivors (6144K)
 Metaspace       used 131226K, committed 132352K, reserved 1163264K
  class space    used 17845K, committed 18368K, reserved 1048576K
}
Event: 6685.713 GC heap before
{Heap before GC invocations=63 (full 0):
 garbage-first heap   total 348160K, used 303478K [0x0000000080000000, 0x0000000100000000)
  region size 1024K, 85 young (87040K), 6 survivors (6144K)
 Metaspace       used 133346K, committed 134464K, reserved 1171456K
  class space    used 18095K, committed 18624K, reserved 1048576K
}
Event: 6685.740 GC heap after
{Heap after GC invocations=64 (full 0):
 garbage-first heap   total 348160K, used 235186K [0x0000000080000000, 0x0000000100000000)
  region size 1024K, 11 young (11264K), 11 survivors (11264K)
 Metaspace       used 133346K, committed 134464K, reserved 1171456K
  class space    used 18095K, committed 18624K, reserved 1048576K
}
Event: 6686.399 GC heap before
{Heap before GC invocations=64 (full 0):
 garbage-first heap   total 348160K, used 298674K [0x0000000080000000, 0x0000000100000000)
  region size 1024K, 67 young (68608K), 11 survivors (11264K)
 Metaspace       used 140534K, committed 141696K, reserved 1171456K
  class space    used 18791K, committed 19328K, reserved 1048576K
}
Event: 6686.413 GC heap after
{Heap after GC invocations=65 (full 0):
 garbage-first heap   total 348160K, used 248021K [0x0000000080000000, 0x0000000100000000)
  region size 1024K, 7 young (7168K), 7 survivors (7168K)
 Metaspace       used 140534K, committed 141696K, reserved 1171456K
  class space    used 18791K, committed 19328K, reserved 1048576K
}
Event: 6687.009 GC heap before
{Heap before GC invocations=66 (full 0):
 garbage-first heap   total 435200K, used 296149K [0x0000000080000000, 0x0000000100000000)
  region size 1024K, 54 young (55296K), 7 survivors (7168K)
 Metaspace       used 145278K, committed 146112K, reserved 1179648K
  class space    used 19297K, committed 19648K, reserved 1048576K
}
Event: 6687.015 GC heap after
{Heap after GC invocations=67 (full 0):
 garbage-first heap   total 435200K, used 252123K [0x0000000080000000, 0x0000000100000000)
  region size 1024K, 4 young (4096K), 4 survivors (4096K)
 Metaspace       used 145278K, committed 146112K, reserved 1179648K
  class space    used 19297K, committed 19648K, reserved 1048576K
}
Event: 6687.216 GC heap before
{Heap before GC invocations=67 (full 0):
 garbage-first heap   total 435200K, used 269531K [0x0000000080000000, 0x0000000100000000)
  region size 1024K, 21 young (21504K), 4 survivors (4096K)
 Metaspace       used 148083K, committed 148864K, reserved 1179648K
  class space    used 19678K, committed 20032K, reserved 1048576K
}
Event: 6687.224 GC heap after
{Heap after GC invocations=68 (full 0):
 garbage-first heap   total 435200K, used 232782K [0x0000000080000000, 0x0000000100000000)
  region size 1024K, 2 young (2048K), 2 survivors (2048K)
 Metaspace       used 148083K, committed 148864K, reserved 1179648K
  class space    used 19678K, committed 20032K, reserved 1048576K
}
Event: 6688.442 GC heap before
{Heap before GC invocations=68 (full 0):
 garbage-first heap   total 435200K, used 361806K [0x0000000080000000, 0x0000000100000000)
  region size 1024K, 127 young (130048K), 2 survivors (2048K)
 Metaspace       used 155022K, committed 155776K, reserved 1187840K
  class space    used 20384K, committed 20736K, reserved 1048576K
}
Event: 6688.450 GC heap after
{Heap after GC invocations=69 (full 0):
 garbage-first heap   total 435200K, used 242113K [0x0000000080000000, 0x0000000100000000)
  region size 1024K, 11 young (11264K), 11 survivors (11264K)
 Metaspace       used 155022K, committed 155776K, reserved 1187840K
  class space    used 20384K, committed 20736K, reserved 1048576K
}
Event: 6689.974 GC heap before
{Heap before GC invocations=69 (full 0):
 garbage-first heap   total 435200K, used 359873K [0x0000000080000000, 0x0000000100000000)
  region size 1024K, 126 young (129024K), 11 survivors (11264K)
 Metaspace       used 171418K, committed 172288K, reserved 1204224K
  class space    used 22209K, committed 22592K, reserved 1048576K
}
Event: 6689.983 GC heap after
{Heap after GC invocations=70 (full 0):
 garbage-first heap   total 435200K, used 242592K [0x0000000080000000, 0x0000000100000000)
  region size 1024K, 7 young (7168K), 7 survivors (7168K)
 Metaspace       used 171418K, committed 172288K, reserved 1204224K
  class space    used 22209K, committed 22592K, reserved 1048576K
}

